<?xml version="1.0" encoding="UTF-8"?>
<!-- Generated by org.testng.reporters.JUnitXMLReporter -->
<testsuite ignored="0" hostname="Yeasin" failures="0" tests="4" name="Surefire test" time="0.942" errors="0" timestamp="2024-12-23T20:35:57 EST">
  <testcase classname="testBase.BaseClass" name="@BeforeClass setup" time="-1.735004156355E9">
    <failure type="org.testng.TestNGException" message="
Parameter &amp;apos;os&amp;apos; is required by BeforeClass on method setup but has not been marked @Optional or defined
">
      <![CDATA[org.testng.TestNGException: 
Parameter 'os' is required by BeforeClass on method setup but has not been marked @Optional or defined

at java.base/java.util.ArrayList.forEach(ArrayList.java:1511)
... Removed 27 stack frames]]>
    </failure>
  </testcase> <!-- @BeforeClass setup -->
  <testcase classname="testBase.BaseClass" name="@AfterClass teatDown" time="0.0">
    <skipped/>
  </testcase> <!-- @AfterClass teatDown -->
  <testcase classname="testBase.BaseClass" name="@BeforeClass setup" time="-1.73500415639E9">
    <failure type="org.testng.TestNGException" message="
Parameter &amp;apos;os&amp;apos; is required by BeforeClass on method setup but has not been marked @Optional or defined
">
      <![CDATA[org.testng.TestNGException: 
Parameter 'os' is required by BeforeClass on method setup but has not been marked @Optional or defined

at java.base/java.util.ArrayList.forEach(ArrayList.java:1511)
... Removed 27 stack frames]]>
    </failure>
  </testcase> <!-- @BeforeClass setup -->
  <testcase classname="testBase.BaseClass" name="@AfterClass teatDown" time="0.0">
    <skipped/>
  </testcase> <!-- @AfterClass teatDown -->
  <testcase classname="testCases.TC001_AccountRegistrationTest" name="verify_account_registration" time="0.0">
    <skipped/>
  </testcase> <!-- verify_account_registration -->
  <testcase classname="testCases.TC002_AccountLoginTest" name="verify_account_login" time="0.0">
    <skipped/>
  </testcase> <!-- verify_account_login -->
  <testcase classname="testCases.TC002_AccountLoginTest" name="verify_account_login" time="0.0">
    <skipped/>
  </testcase> <!-- verify_account_login -->
  <testcase classname="testCases.TC002_AccountLoginTest" name="verify_account_login" time="0.0">
    <skipped/>
  </testcase> <!-- verify_account_login -->
</testsuite> <!-- Surefire test -->
